This is pdfTeX, Version 3.14159265-2.6-1.40.19 (MiKTeX 2.9.6700) (preloaded format=pdflatex 2018.6.5)  11 JUN 2018 01:52
entering extended mode
**./tomato_diseases_paper.tex
(tomato_diseases_paper.tex
LaTeX2e <2018-04-01> patch level 5
Babel <3.20> and hyphenation patterns for 0 language(s) loaded.
(/home/masch/.miktex/texmfs/install/tex/latex/base/article.cls
Document Class: article 2014/09/29 v1.4h Standard LaTeX document class
(/home/masch/.miktex/texmfs/install/tex/latex/base/size10.clo
File: size10.clo 2014/09/29 v1.4h Standard LaTeX file (size option)
)
\c@part=\count80
\c@section=\count81
\c@subsection=\count82
\c@subsubsection=\count83
\c@paragraph=\count84
\c@subparagraph=\count85
\c@figure=\count86
\c@table=\count87
\abovecaptionskip=\skip41
\belowcaptionskip=\skip42
\bibindent=\dimen102
) (cvpr.sty
(eso-pic.sty
Package: eso-pic 2002/11/16 v1.1b eso-pic (RN)
 (cvpr_eso.sty

LaTeX Warning: You have requested package `eso-pic',
               but the package provides `everyshi'.

Package: everyshi 2001/05/15 v3.00 EveryShipout Package (MS)
) (/home/masch/.miktex/texmfs/install/tex/latex/graphics/keyval.sty
Package: keyval 2014/10/28 v1.15 key=value parser (DPC)
\KV@toks@=\toks14
))
(/home/masch/.miktex/texmfs/install/tex/latex/tools/xspace.sty
Package: xspace 2014/10/28 v1.13 Space after command names (DPC,MH)
)
DL-IC 8.5 x 11-Inch Proceedings Style `cvpr.sty'.
\@ctmp=\skip43
\@figindent=\skip44
\cvprrulerbox=\box26
\cvprrulercount=\count88
\cvprruleroffset=\dimen103
\cv@lineheight=\dimen104
\cv@boxheight=\dimen105
\cv@tmpbox=\box27
\cv@refno=\count89
\cv@tot=\count90
\cv@tmpc@=\count91
\cv@tmpc=\count92
) (/home/masch/.miktex/texmfs/install/tex/latex/psnfss/times.sty
Package: times 2005/04/12 PSNFSS-v9.2a (SPQR) 
)
(/home/masch/.miktex/texmfs/install/tex/latex/graphics/epsfig.sty
Package: epsfig 2017/06/25 v1.7b (e)psfig emulation (SPQR)

(/home/masch/.miktex/texmfs/install/tex/latex/graphics/graphicx.sty
Package: graphicx 2017/06/01 v1.1a Enhanced LaTeX Graphics (DPC,SPQR)

(/home/masch/.miktex/texmfs/install/tex/latex/graphics/graphics.sty
Package: graphics 2017/06/25 v1.2c Standard LaTeX Graphics (DPC,SPQR)

(/home/masch/.miktex/texmfs/install/tex/latex/graphics/trig.sty
Package: trig 2016/01/03 v1.10 sin cos tan (DPC)
)
(/home/masch/.miktex/texmfs/install/tex/latex/graphics-cfg/graphics.cfg
File: graphics.cfg 2016/06/04 v1.11 sample graphics configuration
)
Package graphics Info: Driver file: pdftex.def on input line 99.

(/home/masch/.miktex/texmfs/install/tex/latex/graphics-def/pdftex.def
File: pdftex.def 2018/01/08 v1.0l Graphics/color driver for pdftex
))
\Gin@req@height=\dimen106
\Gin@req@width=\dimen107
)
\epsfxsize=\dimen108
\epsfysize=\dimen109
)
(/home/masch/.miktex/texmfs/install/tex/latex/amsmath/amsmath.sty
Package: amsmath 2017/09/02 v2.17a AMS math features
\@mathmargin=\skip45

For additional information on amsmath, use the `?' option.
(/home/masch/.miktex/texmfs/install/tex/latex/amsmath/amstext.sty
Package: amstext 2000/06/29 v2.01 AMS text

(/home/masch/.miktex/texmfs/install/tex/latex/amsmath/amsgen.sty
File: amsgen.sty 1999/11/30 v2.0 generic functions
\@emptytoks=\toks15
\ex@=\dimen110
))
(/home/masch/.miktex/texmfs/install/tex/latex/amsmath/amsbsy.sty
Package: amsbsy 1999/11/29 v1.2d Bold Symbols
\pmbraise@=\dimen111
)
(/home/masch/.miktex/texmfs/install/tex/latex/amsmath/amsopn.sty
Package: amsopn 2016/03/08 v2.02 operator names
)
\inf@bad=\count93
LaTeX Info: Redefining \frac on input line 213.
\uproot@=\count94
\leftroot@=\count95
LaTeX Info: Redefining \overline on input line 375.
\classnum@=\count96
\DOTSCASE@=\count97
LaTeX Info: Redefining \ldots on input line 472.
LaTeX Info: Redefining \dots on input line 475.
LaTeX Info: Redefining \cdots on input line 596.
\Mathstrutbox@=\box28
\strutbox@=\box29
\big@size=\dimen112
LaTeX Font Info:    Redeclaring font encoding OML on input line 712.
LaTeX Font Info:    Redeclaring font encoding OMS on input line 713.
\macc@depth=\count98
\c@MaxMatrixCols=\count99
\dotsspace@=\muskip10
\c@parentequation=\count100
\dspbrk@lvl=\count101
\tag@help=\toks16
\row@=\count102
\column@=\count103
\maxfields@=\count104
\andhelp@=\toks17
\eqnshift@=\dimen113
\alignsep@=\dimen114
\tagshift@=\dimen115
\tagwidth@=\dimen116
\totwidth@=\dimen117
\lineht@=\dimen118
\@envbody=\toks18
\multlinegap=\skip46
\multlinetaggap=\skip47
\mathdisplay@stack=\toks19
LaTeX Info: Redefining \[ on input line 2817.
LaTeX Info: Redefining \] on input line 2818.
)
(/home/masch/.miktex/texmfs/install/tex/latex/amsfonts/amssymb.sty
Package: amssymb 2013/01/14 v3.01 AMS font symbols

(/home/masch/.miktex/texmfs/install/tex/latex/amsfonts/amsfonts.sty
Package: amsfonts 2013/01/14 v3.01 Basic AMSFonts support
\symAMSa=\mathgroup4
\symAMSb=\mathgroup5
LaTeX Font Info:    Overwriting math alphabet `\mathfrak' in version `bold'
(Font)                  U/euf/m/n --> U/euf/b/n on input line 106.
))
(/home/masch/.miktex/texmfs/install/tex/latex/base/inputenc.sty
Package: inputenc 2018/04/06 v1.3b Input encoding file
\inpenc@prehook=\toks20
\inpenc@posthook=\toks21
)
(/home/masch/.miktex/texmfs/install/tex/latex/base/fixltx2e.sty
Package: fixltx2e 2016/12/29 v2.1a fixes to LaTeX (obsolete)
Applying: [2015/01/01] Old fixltx2e package on input line 46.


Package fixltx2e Warning: fixltx2e is not required with releases after 2015
(fixltx2e)                All fixes are now in the LaTeX kernel.
(fixltx2e)                See the latexrelease package for details.

Already applied: [0000/00/00] Old fixltx2e package on input line 53.
) (/home/masch/.miktex/texmfs/install/tex/latex/float/float.sty
Package: float 2001/11/08 v1.3d Float enhancements (AL)
\c@float@type=\count105
\float@exts=\toks22
\float@box=\box30
\@float@everytoks=\toks23
\@floatcapt=\box31
)
(/home/masch/.miktex/texmfs/install/tex/latex/caption/caption.sty
Package: caption 2018/05/01 v3.3-147 Customizing captions (AR)

(/home/masch/.miktex/texmfs/install/tex/latex/caption/caption3.sty
Package: caption3 2018/05/27 v1.8a caption3 kernel (AR)
Package caption3 Info: TeX engine: e-TeX on input line 64.
\captionmargin=\dimen119
\captionmargin@=\dimen120
\captionwidth=\dimen121
\caption@tempdima=\dimen122
\caption@indent=\dimen123
\caption@parindent=\dimen124
\caption@hangindent=\dimen125
Package caption Info: Unknown document class (or package),
(caption)             standard defaults will be used.
)

Package caption Warning: Unsupported document class (or package) detected,
(caption)                usage of the caption package is not recommended.
See the caption package documentation for explanation.

Package caption Info: \@makecaption = \long macro:#1#2-> \setbox \@tempboxa \hb
ox {\small \noindent #1.~#2} \setlength {\@ctmp }{\hsize } \addtolength {\@ctmp
 }{-\@figindent }\addtolength {\@ctmp }{-\@figindent } \ifdim \wd \@tempboxa >\
@ctmp {\small #1.~#2\par } \else \hbox to\hsize {\hfil \box \@tempboxa \hfil } 
\fi .
\c@ContinuedFloat=\count106
Package caption Info: float package is loaded.
) (/home/masch/.miktex/texmfs/install/tex/latex/multirow/multirow.sty
Package: multirow 2016/11/25 v2.2 Span multiple rows of a table
\multirow@colwidth=\skip48
\multirow@cntb=\count107
\multirow@dima=\skip49
\bigstrutjot=\dimen126
)
(/home/masch/.miktex/texmfs/install/tex/latex/tools/array.sty
Package: array 2018/04/30 v2.4h Tabular extension package (FMi)
\col@sep=\dimen127
\ar@mcellbox=\box32
\extrarowheight=\dimen128
\NC@list=\toks24
\extratabsurround=\skip50
\backup@length=\skip51
\ar@cellbox=\box33
)
(/home/masch/.miktex/texmfs/install/tex/latex/hyperref/hyperref.sty
Package: hyperref 2018/02/06 v6.86b Hypertext links for LaTeX

(/home/masch/.miktex/texmfs/install/tex/generic/oberdiek/hobsub-hyperref.sty
Package: hobsub-hyperref 2016/05/16 v1.14 Bundle oberdiek, subset hyperref (HO)


(/home/masch/.miktex/texmfs/install/tex/generic/oberdiek/hobsub-generic.sty
Package: hobsub-generic 2016/05/16 v1.14 Bundle oberdiek, subset generic (HO)
Package: hobsub 2016/05/16 v1.14 Construct package bundles (HO)
Package: infwarerr 2016/05/16 v1.4 Providing info/warning/error messages (HO)
Package: ltxcmds 2016/05/16 v1.23 LaTeX kernel commands for general use (HO)
Package: ifluatex 2016/05/16 v1.4 Provides the ifluatex switch (HO)
Package ifluatex Info: LuaTeX not detected.
Package: ifvtex 2016/05/16 v1.6 Detect VTeX and its facilities (HO)
Package ifvtex Info: VTeX not detected.
Package: intcalc 2016/05/16 v1.2 Expandable calculations with integers (HO)
Package: ifpdf 2017/03/15 v3.2 Provides the ifpdf switch
Package: etexcmds 2016/05/16 v1.6 Avoid name clashes with e-TeX commands (HO)
Package etexcmds Info: Could not find \expanded.
(etexcmds)             That can mean that you are not using pdfTeX 1.50 or
(etexcmds)             that some package has redefined \expanded.
(etexcmds)             In the latter case, load this package earlier.
Package: kvsetkeys 2016/05/16 v1.17 Key value parser (HO)
Package: kvdefinekeys 2016/05/16 v1.4 Define keys (HO)
Package: pdftexcmds 2018/01/30 v0.27 Utility functions of pdfTeX for LuaTeX (HO
)
Package pdftexcmds Info: LuaTeX not detected.
Package pdftexcmds Info: \pdf@primitive is available.
Package pdftexcmds Info: \pdf@ifprimitive is available.
Package pdftexcmds Info: \pdfdraftmode found.
Package: pdfescape 2016/05/16 v1.14 Implements pdfTeX's escape features (HO)
Package: bigintcalc 2016/05/16 v1.4 Expandable calculations on big integers (HO
)
Package: bitset 2016/05/16 v1.2 Handle bit-vector datatype (HO)
Package: uniquecounter 2016/05/16 v1.3 Provide unlimited unique counter (HO)
)
Package hobsub Info: Skipping package `hobsub' (already loaded).
Package: letltxmacro 2016/05/16 v1.5 Let assignment for LaTeX macros (HO)
Package: hopatch 2016/05/16 v1.3 Wrapper for package hooks (HO)
Package: xcolor-patch 2016/05/16 xcolor patch
Package: atveryend 2016/05/16 v1.9 Hooks at the very end of document (HO)
Package atveryend Info: \enddocument detected (standard20110627).
Package: atbegshi 2016/06/09 v1.18 At begin shipout hook (HO)
Package: refcount 2016/05/16 v3.5 Data extraction from label references (HO)
Package: hycolor 2016/05/16 v1.8 Color options for hyperref/bookmark (HO)
)
(/home/masch/.miktex/texmfs/install/tex/generic/ifxetex/ifxetex.sty
Package: ifxetex 2010/09/12 v0.6 Provides ifxetex conditional
)
(/home/masch/.miktex/texmfs/install/tex/latex/oberdiek/auxhook.sty
Package: auxhook 2016/05/16 v1.4 Hooks for auxiliary files (HO)
)
(/home/masch/.miktex/texmfs/install/tex/latex/oberdiek/kvoptions.sty
Package: kvoptions 2016/05/16 v3.12 Key value format for package options (HO)
)
\@linkdim=\dimen129
\Hy@linkcounter=\count108
\Hy@pagecounter=\count109

(/home/masch/.miktex/texmfs/install/tex/latex/hyperref/pd1enc.def
File: pd1enc.def 2018/02/06 v6.86b Hyperref: PDFDocEncoding definition (HO)
Now handling font encoding PD1 ...
... no UTF-8 mapping file for font encoding PD1
)
\Hy@SavedSpaceFactor=\count110

(/home/masch/.miktex/texmfs/install/tex/latex/00miktex/hyperref.cfg
File: hyperref.cfg 2002/06/06 v1.2 hyperref configuration of TeXLive
)
Package hyperref Info: Option `breaklinks' set `true' on input line 4383.


Package hyperref Warning: Option `letterpaper' is no longer used.

Package hyperref Info: Option `colorlinks' set `true' on input line 4383.
Package hyperref Info: Option `bookmarks' set `false' on input line 4383.
Package hyperref Info: Hyper figures OFF on input line 4509.
Package hyperref Info: Link nesting OFF on input line 4514.
Package hyperref Info: Hyper index ON on input line 4517.
Package hyperref Info: Plain pages OFF on input line 4524.
Package hyperref Info: Backreferencing ON on input line 4527.
Package hyperref Info: Implicit mode ON; LaTeX internals redefined.
Package hyperref Info: Bookmarks OFF on input line 4768.
(/home/masch/.miktex/texmfs/install/tex/latex/hyperref/backref.sty
Package: backref 2016/05/21 v1.39 Bibliographical back referencing

(/home/masch/.miktex/texmfs/install/tex/latex/oberdiek/rerunfilecheck.sty
Package: rerunfilecheck 2016/05/16 v1.8 Rerun checks for auxiliary files (HO)
Package uniquecounter Info: New unique counter `rerunfilecheck' on input line 2
82.
))
\c@Hy@tempcnt=\count111

(/home/masch/.miktex/texmfs/install/tex/latex/url/url.sty
\Urlmuskip=\muskip11
Package: url 2013/09/16  ver 3.4  Verb mode for urls, etc.
)
LaTeX Info: Redefining \url on input line 5115.
\XeTeXLinkMargin=\dimen130
\Fld@menulength=\count112
\Field@Width=\dimen131
\Fld@charsize=\dimen132
Package hyperref Info: Hyper figures OFF on input line 6369.
Package hyperref Info: Link nesting OFF on input line 6374.
Package hyperref Info: Hyper index ON on input line 6377.
Package hyperref Info: backreferencing ON on input line 6382.
Package hyperref Info: Link coloring ON on input line 6387.
Package hyperref Info: Link coloring with OCG OFF on input line 6394.
Package hyperref Info: PDF/A mode OFF on input line 6399.
LaTeX Info: Redefining \ref on input line 6439.
LaTeX Info: Redefining \pageref on input line 6443.
\Hy@abspage=\count113
\c@Item=\count114
\c@Hfootnote=\count115
)
Package hyperref Info: Driver (autodetected): hpdftex.

(/home/masch/.miktex/texmfs/install/tex/latex/hyperref/hpdftex.def
File: hpdftex.def 2018/02/06 v6.86b Hyperref driver for pdfTeX
\Fld@listcount=\count116
\c@bookmark@seq@number=\count117
\Hy@SectionHShift=\skip52
)
(tomato_diseases_paper.aux)
\openout1 = `tomato_diseases_paper.aux'.

LaTeX Font Info:    Checking defaults for OML/cmm/m/it on input line 34.
LaTeX Font Info:    ... okay on input line 34.
LaTeX Font Info:    Checking defaults for T1/cmr/m/n on input line 34.
LaTeX Font Info:    ... okay on input line 34.
LaTeX Font Info:    Checking defaults for OT1/cmr/m/n on input line 34.
LaTeX Font Info:    ... okay on input line 34.
LaTeX Font Info:    Checking defaults for OMS/cmsy/m/n on input line 34.
LaTeX Font Info:    ... okay on input line 34.
LaTeX Font Info:    Checking defaults for OMX/cmex/m/n on input line 34.
LaTeX Font Info:    ... okay on input line 34.
LaTeX Font Info:    Checking defaults for U/cmr/m/n on input line 34.
LaTeX Font Info:    ... okay on input line 34.
LaTeX Font Info:    Checking defaults for PD1/pdf/m/n on input line 34.
LaTeX Font Info:    ... okay on input line 34.
LaTeX Font Info:    Try loading font information for OT1+ptm on input line 34.

(/home/masch/.miktex/texmfs/install/tex/latex/psnfss/ot1ptm.fd
File: ot1ptm.fd 2001/06/04 font definitions for OT1/ptm.
)
ABD: EveryShipout initializing macros
(/home/masch/.miktex/texmfs/install/tex/latex/graphics/color.sty
Package: color 2016/07/10 v1.1e Standard LaTeX Color (DPC)

(/home/masch/.miktex/texmfs/install/tex/latex/graphics-cfg/color.cfg
File: color.cfg 2016/01/02 v1.6 sample color configuration
)
Package color Info: Driver file: pdftex.def on input line 147.
)
(/home/masch/.miktex/texmfs/install/tex/context/base/supp-pdf.mkii
[Loading MPS to PDF converter (version 2006.09.02).]
\scratchcounter=\count118
\scratchdimen=\dimen133
\scratchbox=\box34
\nofMPsegments=\count119
\nofMParguments=\count120
\everyMPshowfont=\toks25
\MPscratchCnt=\count121
\MPscratchDim=\dimen134
\MPnumerator=\count122
\makeMPintoPDFobject=\count123
\everyMPtoPDFconversion=\toks26
) (/home/masch/.miktex/texmfs/install/tex/latex/oberdiek/epstopdf-base.sty
Package: epstopdf-base 2016/05/15 v2.6 Base part for package epstopdf

(/home/masch/.miktex/texmfs/install/tex/latex/oberdiek/grfext.sty
Package: grfext 2016/05/16 v1.2 Manage graphics extensions (HO)
)
Package epstopdf-base Info: Redefining graphics rule for `.eps' on input line 4
38.
Package grfext Info: Graphics extension search list:
(grfext)             [.pdf,.png,.jpg,.mps,.jpeg,.jbig2,.jb2,.PDF,.PNG,.JPG,.JPE
G,.JBIG2,.JB2,.eps]
(grfext)             \AppendGraphicsExtensions on input line 456.
)
Package caption Info: Begin \AtBeginDocument code.
Package caption Info: hyperref package is loaded.
Package caption Info: End \AtBeginDocument code.
\AtBeginShipoutBox=\box35
Package atbegshi Info: Package `everyshi' patched.
Package hyperref Info: Link coloring ON on input line 34.

(/home/masch/.miktex/texmfs/install/tex/latex/hyperref/nameref.sty
Package: nameref 2016/05/21 v2.44 Cross-referencing by name of section

(/home/masch/.miktex/texmfs/install/tex/generic/oberdiek/gettitlestring.sty
Package: gettitlestring 2016/05/16 v1.5 Cleanup title references (HO)
)
\c@section@level=\count124
)
LaTeX Info: Redefining \ref on input line 34.
LaTeX Info: Redefining \pageref on input line 34.
LaTeX Info: Redefining \nameref on input line 34.
LaTeX Font Info:    Font shape `OT1/ptm/bx/n' in size <14.4> not available
(Font)              Font shape `OT1/ptm/b/n' tried instead on input line 53.
LaTeX Font Info:    Try loading font information for U+msa on input line 53.

(/home/masch/.miktex/texmfs/install/tex/latex/amsfonts/umsa.fd
File: umsa.fd 2013/01/14 v3.01 AMS symbols A
)
LaTeX Font Info:    Try loading font information for U+msb on input line 53.

(/home/masch/.miktex/texmfs/install/tex/latex/amsfonts/umsb.fd
File: umsb.fd 2013/01/14 v3.01 AMS symbols B
)
LaTeX Font Info:    Try loading font information for OT1+pcr on input line 53.

(/home/masch/.miktex/texmfs/install/tex/latex/psnfss/ot1pcr.fd
File: ot1pcr.fd 2001/06/04 font definitions for OT1/pcr.
)
LaTeX Font Info:    Try loading font information for OMS+pcr on input line 53.

(/home/masch/.miktex/texmfs/install/tex/latex/psnfss/omspcr.fd
File: omspcr.fd 
)
LaTeX Font Info:    Font shape `OMS/pcr/m/n' in size <9> not available
(Font)              Font shape `OMS/cmsy/m/n' tried instead on input line 53.

(sections/abstract.tex
LaTeX Font Info:    Font shape `OT1/ptm/bx/n' in size <12> not available
(Font)              Font shape `OT1/ptm/b/n' tried instead on input line 1.
) (sections/introduction.tex
LaTeX Font Info:    Font shape `OT1/ptm/bx/n' in size <10> not available
(Font)              Font shape `OT1/ptm/b/n' tried instead on input line 7.


LaTeX Warning: Citation `ref' on page 1 undefined on input line 7.

) (sections/related_work.tex
Underfull \hbox (badness 1072) in paragraph at lines 2--1
\OT1/ptm/m/n/10 analysis of the dataset which has been, in fact, used
 []


Underfull \hbox (badness 1527) in paragraph at lines 2--1
[]\OT1/ptm/m/n/10 As first step we reproduce the experiments of [[]][]
 []


Underfull \hbox (badness 1082) in paragraph at lines 2--1
\OT1/ptm/m/n/10 the experiments are pursued keeping in mind realistic
 []


Underfull \vbox (badness 10000) has occurred while \output is active []

 [1{/home/masch/.miktex/texmfs/data/pdftex/config/pdftex.map}


]

LaTeX Warning: Citation `ref14' on page 2 undefined on input line 2.


LaTeX Warning: Citation `ref15' on page 2 undefined on input line 2.


LaTeX Warning: Citation `ref16' on page 2 undefined on input line 2.


LaTeX Warning: Citation `ref17' on page 2 undefined on input line 2.


LaTeX Warning: Citation `ref18' on page 2 undefined on input line 4.


LaTeX Warning: Citation `ref19' on page 2 undefined on input line 4.


LaTeX Warning: Citation `ref27' on page 2 undefined on input line 4.


LaTeX Warning: Citation `ref25' on page 2 undefined on input line 4.


LaTeX Warning: Citation `ref20' on page 2 undefined on input line 4.


LaTeX Warning: Citation `ref21' on page 2 undefined on input line 4.


LaTeX Warning: Citation `ref22' on page 2 undefined on input line 4.


LaTeX Warning: Citation `ref23' on page 2 undefined on input line 4.


LaTeX Warning: Citation `ref' on page 2 undefined on input line 4.


LaTeX Warning: Citation `ref' on page 2 undefined on input line 4.


LaTeX Warning: Citation `ref28' on page 2 undefined on input line 4.


LaTeX Warning: Citation `Krizhevsky' on page 2 undefined on input line 6.


LaTeX Warning: Citation `tunisia' on page 2 undefined on input line 8.


LaTeX Warning: Citation `occlusion' on page 2 undefined on input line 8.


LaTeX Warning: Citation `erba' on page 2 undefined on input line 10.


LaTeX Warning: Citation `manzoni' on page 2 undefined on input line 12.

) (sections/proposed_approach.tex
<./images/workflow.pdf, id=46, 7865.385pt x 2153.04375pt>
File: ./images/workflow.pdf Graphic file (type pdf)
<use ./images/workflow.pdf>
Package pdftex.def Info: ./images/workflow.pdf  used on input line 2.
(pdftex.def)             Requested size: 504.30878pt x 138.04729pt.

Overfull \hbox (14.25252pt too wide) in paragraph at lines 2--3
[][] 
 []


Underfull \hbox (badness 1122) in paragraph at lines 2--9
[]\OT1/ptm/m/n/10 Several works have been proposed in the literature
 []


Underfull \hbox (badness 2846) in paragraph at lines 2--9
\OT1/ptm/m/n/10 conditions [[]][], optical technologies like thermal and
 []


Underfull \hbox (badness 2913) in paragraph at lines 2--9
\OT1/ptm/m/n/10 800 tomato leaf images and classified distinguishing
 []


Underfull \hbox (badness 1308) in paragraph at lines 2--9
[]\OT1/ptm/m/n/10 The principles of CNNs have spread also to plant
 []


Underfull \hbox (badness 1221) in paragraph at lines 2--9
\OT1/ptm/m/n/10 a comparison between shallow models with combined
 []


Underfull \hbox (badness 4752) in paragraph at lines 2--9
\OT1/ptm/m/n/10 models using PlantVillage dataset containing 14,828
 []


Underfull \hbox (badness 2662) in paragraph at lines 2--9
\OT1/ptm/m/n/10 model has achieved 95.47% accuracy using Random
 []


Underfull \hbox (badness 1226) in paragraph at lines 2--9
\OT1/ptm/m/n/10 having various hyper-parameters and dataset variations
 []


Underfull \hbox (badness 2150) in paragraph at lines 2--9
\OT1/ptm/m/n/10 from trusted Internet sources) taken under conditions
 []


Underfull \hbox (badness 2119) in paragraph at lines 2--9
\OT1/ptm/m/n/10 a substantial accuracy reduction, to just above 31%.
 []


Underfull \hbox (badness 1221) in paragraph at lines 2--9
\OT1/ptm/m/n/10 images unfeasible. Instead, their work has aimed at
 []


Underfull \hbox (badness 2384) in paragraph at lines 2--9
[]\OT1/ptm/m/n/10 According to the complains that have been made
 []


Underfull \hbox (badness 1009) in paragraph at lines 2--9
\OT1/ptm/m/n/10 heuristic solution to overcome its limitations for what
 []


Underfull \vbox (badness 10000) has occurred while \output is active []

 [2]
Underfull \hbox (badness 1783) in paragraph at lines 12--19
\OT1/ptm/m/n/10 random flips and rotations transformations to images.
 []


Underfull \hbox (badness 4634) in paragraph at lines 12--19
\OT1/ptm/m/n/10 By doing this we let the model learn also slight
 []


Underfull \hbox (badness 10000) in paragraph at lines 12--19
\OT1/ptm/m/n/10 modification of available data allowing for better
 []


Underfull \hbox (badness 1635) in paragraph at lines 12--19
\OT1/ptm/m/n/10 generalization capabilities. Optionally, we can make
 []


Underfull \hbox (badness 1163) in paragraph at lines 12--19
\OT1/ptm/m/n/10 this point, once hyper-parameters are chosen, we can
 []


LaTeX Warning: Citation `ref' on page 3 undefined on input line 39.

[3 <./images/workflow.pdf

pdfTeX warning: pdflatex (file ./images/workflow.pdf): PDF inclusion: invalid o
ther resource which is no dict (key 'ProcSets', type <array>); ignored.
>]
Underfull \hbox (badness 1762) in paragraph at lines 43--44
[]\OT1/ptm/m/n/10 Sensitivity analysis and performance evaluation are
 []

LaTeX Font Info:    Try loading font information for OMS+ptm on input line 45.
(/home/masch/.miktex/texmfs/install/tex/latex/psnfss/omsptm.fd
File: omsptm.fd 
)
LaTeX Font Info:    Font shape `OMS/ptm/m/n' in size <10> not available
(Font)              Font shape `OMS/cmsy/m/n' tried instead on input line 45.

Underfull \hbox (badness 10000) in paragraph at lines 49--50
[]\OT1/ptm/m/n/10 Gradient-weighted Class Activation Mapping
 []


Underfull \hbox (badness 1867) in paragraph at lines 49--50
\OT1/ptm/m/n/10 regions in the image for predicting the concept.
 []

) (sections/experiments.tex) (sections/conclusion.tex)
(sections/acknowledgements.tex) (sections/supplementary_material.tex)
(tomato_diseases_paper.bbl (tomato_diseases_paper.brf)
\tf@brf=\write3
\openout3 = `tomato_diseases_paper.brf'.


Underfull \hbox (badness 3158) in paragraph at lines 17--17
[]\OT1/ptm/m/n/9 M. Brahimi, B. Kamel, and A. Moussaoui.  Deep
 []


Underfull \hbox (badness 10000) in paragraph at lines 17--17
\OT1/ptm/m/n/9 Learning for Tomato Diseases: Classification
 []


Underfull \hbox (badness 10000) in paragraph at lines 17--17
\OT1/ptm/m/n/9 and Symptoms Visualization.  \OT1/ptm/m/it/9 Applied Artificial
 []


Underfull \hbox (badness 10000) in paragraph at lines 17--17
\OT1/ptm/m/it/9 Intelligence\OT1/ptm/m/n/9 , 31(4):299--315, Apr. 2017.
 []


Underfull \hbox (badness 10000) in paragraph at lines 25--25
[]\OT1/ptm/m/n/9 C. A. Harvey et al.  Extreme vulnerability of
 []


Underfull \hbox (badness 10000) in paragraph at lines 25--25
\OT1/ptm/m/n/9 smallholder farmers to agricultural risks and
 []


Underfull \hbox (badness 10000) in paragraph at lines 25--25
\OT1/ptm/m/n/9 climate change in Madagascar.  \OT1/ptm/m/it/9 Philosophical
 []


Underfull \hbox (badness 10000) in paragraph at lines 25--25
\OT1/ptm/m/it/9 Transactions of the Royal Society B: Biological
 []


Underfull \hbox (badness 10000) in paragraph at lines 25--25
\OT1/ptm/m/it/9 Sciences\OT1/ptm/m/n/9 , 369(1639):20130089--20130089, Feb. 201
4.
 []


Underfull \hbox (badness 2781) in paragraph at lines 31--31
[]\OT1/ptm/m/n/9 C. Cortes and V. Vapnik.  Support-vector networks.
 []


Underfull \hbox (badness 10000) in paragraph at lines 31--31
\OT1/ptm/m/it/9 Machine Learning\OT1/ptm/m/n/9 , 20(3):273--297, Sep. 1995.
 []


Underfull \hbox (badness 10000) in paragraph at lines 39--39
\OT1/ptm/m/n/9 and Ecosystem Services Fourth session.  \OT1/ptm/m/it/9 Report
 []


Underfull \hbox (badness 10000) in paragraph at lines 39--39
\OT1/ptm/m/it/9 of the Plenary of the Intergovernmental Science-
 []


Underfull \hbox (badness 1810) in paragraph at lines 39--39
\OT1/ptm/m/it/9 PolicyPlatform on Biodiversity and Ecosystem Services
 []


Underfull \hbox (badness 10000) in paragraph at lines 46--46
[]\OT1/ptm/m/n/9 International Telecommunication Union (ITU).
 []


Underfull \hbox (badness 10000) in paragraph at lines 46--46
\OT1/ptm/m/it/9 ICT Facts and Figures { the World in 2015\OT1/ptm/m/n/9 ,
 []


Underfull \hbox (badness 10000) in paragraph at lines 46--46
\OT1/ptm/m/n/9 Geneva, 2015.  https://www.itu.int/en/ITU-
 []


Underfull \hbox (badness 10000) in paragraph at lines 46--46
\OT1/ptm/m/n/9 D/Statistics/Documents/facts/ICTFactsFigures2015.pdf.
 []


Underfull \hbox (badness 10000) in paragraph at lines 70--70
[]\OT1/ptm/m/n/9 PlantVillage.  PlantVillage Dataset.
 []


Underfull \hbox (badness 2334) in paragraph at lines 77--77
[]\OT1/ptm/m/n/9 R. N. Strange and P. R. Scott.  Plant Disease: A
 []


Underfull \hbox (badness 6859) in paragraph at lines 77--77
\OT1/ptm/m/n/9 Threat to Global Food Security.  \OT1/ptm/m/it/9 Annual Review
 []


Underfull \hbox (badness 10000) in paragraph at lines 77--77
\OT1/ptm/m/it/9 of Phytopathology\OT1/ptm/m/n/9 , 43(1):83--116, Sep. 2005.
 []


Underfull \hbox (badness 10000) in paragraph at lines 83--83
[]\OT1/ptm/m/n/9 S. P. Mohanty, D. P. Hughes, and M. Salath[]e.
 []


Underfull \hbox (badness 3375) in paragraph at lines 83--83
\OT1/ptm/m/n/9 Using Deep Learning for Image-Based Plant Disease
 []


Underfull \hbox (badness 1418) in paragraph at lines 90--90
[]\OT1/ptm/m/n/9 R. R. Selvaraju, A. Das, R. Vedantam, M. Cogswell,
 []


Underfull \hbox (badness 2671) in paragraph at lines 98--98
\OT1/ptm/m/n/9 Plante.  \OT1/ptm/m/it/9 Reducing Climate-Sensitive Risks\OT1/pt
m/m/n/9 , volume 1
 []


Underfull \hbox (badness 5711) in paragraph at lines 98--98
\OT1/ptm/m/n/9 of \OT1/ptm/m/it/9 Agriculture and environmental services discus
sion
 []


Underfull \hbox (badness 10000) in paragraph at lines 98--98
\OT1/ptm/m/it/9 paper\OT1/ptm/m/n/9 .  World Bank Group, Washington, DC,
 []


Underfull \hbox (badness 10000) in paragraph at lines 98--98
\OT1/ptm/m/n/9 2014.  http://documents.worldbank.org/curated/en/
 []


Underfull \hbox (badness 10000) in paragraph at lines 98--98
\OT1/ptm/m/n/9 486511468167944431/Reducing-climate-sensitive-disease-
 []

[4]
Underfull \hbox (badness 10000) in paragraph at lines 105--105
[]\OT1/ptm/m/n/9 UNEP, International Fund for Agricultural
 []


Underfull \hbox (badness 10000) in paragraph at lines 105--105
\OT1/ptm/m/n/9 Development (IFAD).  \OT1/ptm/m/it/9 Smallholders, Food
 []


Underfull \hbox (badness 10000) in paragraph at lines 105--105
\OT1/ptm/m/it/9 Security, and the Environment\OT1/ptm/m/n/9 , Rome, 2013.
 []


Underfull \hbox (badness 10000) in paragraph at lines 105--105
\OT1/ptm/m/n/9 https://www.ifad.org/documents/10180/666cac24-14b6-
 []


Underfull \hbox (badness 5592) in paragraph at lines 112--112
[]\OT1/ptm/m/n/9 Y. LeCun, L. Bottou, Y. Bengio, and P. Haffner.
 []


Underfull \hbox (badness 1215) in paragraph at lines 118--118
\OT1/ptm/m/n/9 Convolutional Networks.  \OT1/ptm/m/it/9 CoRR\OT1/ptm/m/n/9 , ab
s/1311.2901, 2013.
 []

)
Package atveryend Info: Empty hook `BeforeClearDocument' on input line 80.
 [5

]
Package atveryend Info: Empty hook `AfterLastShipout' on input line 80.
 (tomato_diseases_paper.aux)
Package atveryend Info: Executing hook `AtVeryEndDocument' on input line 80.
Package atveryend Info: Executing hook `AtEndAfterFileList' on input line 80.
Package rerunfilecheck Info: File `tomato_diseases_paper.brf' has not changed.
(rerunfilecheck)             Checksum: 981FD8160188BDFC3BFAEACF7E3F598E;1430.


LaTeX Warning: There were undefined references.

Package atveryend Info: Empty hook `AtVeryVeryEnd' on input line 80.
 ) 
Here is how much of TeX's memory you used:
 7774 strings out of 494892
 116768 string characters out of 3178689
 207568 words of memory out of 3000000
 11214 multiletter control sequences out of 15000+200000
 26783 words of font info for 64 fonts, out of 3000000 for 9000
 0 hyphenation exceptions out of 8191
 36i,12n,39p,1530b,469s stack positions out of 5000i,500n,10000p,200000b,50000s
{/home/masch/.miktex/texmfs/install/fonts/enc/dvips/base/8r.enc}</home/masch/
.miktex/texmfs/install/fonts/type1/public/amsfonts/cm/cmex10.pfb></home/masch/.
miktex/texmfs/install/fonts/type1/public/amsfonts/cm/cmmi10.pfb></home/masch/.m
iktex/texmfs/install/fonts/type1/public/amsfonts/cm/cmmi5.pfb></home/masch/.mik
tex/texmfs/install/fonts/type1/public/amsfonts/cm/cmmi7.pfb></home/masch/.mikte
x/texmfs/install/fonts/type1/public/amsfonts/cm/cmr10.pfb></home/masch/.miktex/
texmfs/install/fonts/type1/public/amsfonts/cm/cmr7.pfb></home/masch/.miktex/tex
mfs/install/fonts/type1/public/amsfonts/cm/cmsy10.pfb></home/masch/.miktex/texm
fs/install/fonts/type1/public/amsfonts/cm/cmsy9.pfb></home/masch/.miktex/texmfs
/install/fonts/type1/urw/courier/ucrr8a.pfb></home/masch/.miktex/texmfs/install
/fonts/type1/urw/times/utmb8a.pfb></home/masch/.miktex/texmfs/install/fonts/typ
e1/urw/times/utmr8a.pfb></home/masch/.miktex/texmfs/install/fonts/type1/urw/tim
es/utmri8a.pfb>
Output written on tomato_diseases_paper.pdf (5 pages, 256226 bytes).
PDF statistics:
 176 PDF objects out of 1000 (max. 8388607)
 39 named destinations out of 1000 (max. 500000)
 6 words of extra memory for PDF output out of 10000 (max. 10000000)

